...found 9 targets...
...updating 3 targets...
common.mkdir libs/config/checks/architecture/bin/gcc-4.8
common.mkdir libs/config/checks/architecture/bin/gcc-4.8/debug
gcc.compile.c++ libs/config/checks/architecture/bin/gcc-4.8/debug/32.o
libs/config/checks/architecture/32.cpp:9:36: error: size of array ‘test’ is negative
 int test[sizeof(void*) == 4? 1 : -1];
                                    ^

    "g++"  -ftemplate-depth-128 -O0 -fno-inline -Wall -g -fPIC     -c -o "libs/config/checks/architecture/bin/gcc-4.8/debug/32.o" "libs/config/checks/architecture/32.cpp"

...failed gcc.compile.c++ libs/config/checks/architecture/bin/gcc-4.8/debug/32.o...
...failed updating 1 target...
...updated 2 targets...
...found 2 targets...
...updating 1 target...
gcc.compile.c++ libs/config/checks/architecture/bin/gcc-4.8/debug/64.o
...updated 1 target...
...found 2 targets...
...updating 1 target...
gcc.compile.c++ libs/config/checks/architecture/bin/gcc-4.8/debug/arm.o
libs/config/checks/architecture/arm.cpp:13:2: error: #error "Not ARM"
 #error "Not ARM"
  ^

    "g++"  -ftemplate-depth-128 -O0 -fno-inline -Wall -g -fPIC     -c -o "libs/config/checks/architecture/bin/gcc-4.8/debug/arm.o" "libs/config/checks/architecture/arm.cpp"

...failed gcc.compile.c++ libs/config/checks/architecture/bin/gcc-4.8/debug/arm.o...
...failed updating 1 target...
...found 2 targets...
...updating 1 target...
gcc.compile.c++ libs/config/checks/architecture/bin/gcc-4.8/debug/mips1.o
libs/config/checks/architecture/mips1.cpp:10:2: error: #error "Not MIPS1"
 #error "Not MIPS1"
  ^

    "g++"  -ftemplate-depth-128 -O0 -fno-inline -Wall -g -fPIC     -c -o "libs/config/checks/architecture/bin/gcc-4.8/debug/mips1.o" "libs/config/checks/architecture/mips1.cpp"

...failed gcc.compile.c++ libs/config/checks/architecture/bin/gcc-4.8/debug/mips1.o...
...failed updating 1 target...
...found 2 targets...
...updating 1 target...
gcc.compile.c++ libs/config/checks/architecture/bin/gcc-4.8/debug/power.o
libs/config/checks/architecture/power.cpp:13:2: error: #error "Not PPC"
 #error "Not PPC"
  ^

    "g++"  -ftemplate-depth-128 -O0 -fno-inline -Wall -g -fPIC     -c -o "libs/config/checks/architecture/bin/gcc-4.8/debug/power.o" "libs/config/checks/architecture/power.cpp"

...failed gcc.compile.c++ libs/config/checks/architecture/bin/gcc-4.8/debug/power.o...
...failed updating 1 target...
...found 2 targets...
...updating 1 target...
gcc.compile.c++ libs/config/checks/architecture/bin/gcc-4.8/debug/sparc.o
libs/config/checks/architecture/sparc.cpp:10:2: error: #error "Not SPARC"
 #error "Not SPARC"
  ^

    "g++"  -ftemplate-depth-128 -O0 -fno-inline -Wall -g -fPIC     -c -o "libs/config/checks/architecture/bin/gcc-4.8/debug/sparc.o" "libs/config/checks/architecture/sparc.cpp"

...failed gcc.compile.c++ libs/config/checks/architecture/bin/gcc-4.8/debug/sparc.o...
...failed updating 1 target...
...found 2 targets...
...updating 1 target...
gcc.compile.c++ libs/config/checks/architecture/bin/gcc-4.8/debug/x86.o
...updated 1 target...
...found 3 targets...
...updating 3 targets...
common.mkdir bin.v2
link.touch bin.v2/test-symlink-source
link.mklink bin.v2/test-symlink
...updated 3 targets...
...found 97 targets...
...updating 7 targets...
common.mkdir bin.v2/libs
common.mkdir bin.v2/libs/context
common.mkdir bin.v2/libs/context/build
common.mkdir bin.v2/libs/context/build/gcc-4.8
common.mkdir bin.v2/libs/context/build/gcc-4.8/debug
common.mkdir bin.v2/libs/context/build/gcc-4.8/debug/threading-multi
gcc.compile.c++ bin.v2/libs/context/build/gcc-4.8/debug/threading-multi/cxx11_hdr_mutex_check.o
libs/context/src/../build/cxx11_hdr_mutex.cpp:9:2: error: #error "C++11 <mutex> is not available."
 #error "C++11 <mutex> is not available."
  ^

    "g++"  -ftemplate-depth-128 -O0 -fno-inline -Wall -g -pthread -fPIC -m64  -DBOOST_ALL_NO_LIB=1 -DBOOST_CONTEXT_DYN_LINK=1 -DBOOST_CONTEXT_SOURCE  -I"." -c -o "bin.v2/libs/context/build/gcc-4.8/debug/threading-multi/cxx11_hdr_mutex_check.o" "libs/context/src/../build/cxx11_hdr_mutex.cpp"

...failed gcc.compile.c++ bin.v2/libs/context/build/gcc-4.8/debug/threading-multi/cxx11_hdr_mutex_check.o...
...failed updating 1 target...
...updated 6 targets...
...patience...
...found 120 targets...
...updating 14 targets...
common.mkdir bin.v2/libs/thread
common.mkdir bin.v2/libs/thread/build
common.mkdir bin.v2/libs/thread/build/gcc-4.8
common.mkdir bin.v2/libs/thread/build/gcc-4.8/debug
common.mkdir bin.v2/libs/thread/build/gcc-4.8/debug/threading-multi
gcc.compile.c++ bin.v2/libs/thread/build/gcc-4.8/debug/threading-multi/has_atomic_flag_lockfree_test.o
In file included from ./boost/atomic/detail/atomic_template.hpp:25:0,
                 from ./boost/atomic/atomic.hpp:22,
                 from libs/thread/src/../build/../../../boost/atomic.hpp:12,
                 from libs/thread/src/../build/has_atomic_flag_lockfree_test.cpp:6:
./boost/atomic/detail/bitwise_cast.hpp: In instantiation of ‘To boost::atomics::detail::bitwise_cast(const From&) [with To = long unsigned int; From = void*]’:
./boost/atomic/detail/atomic_template.hpp:556:139:   required from here
./boost/atomic/detail/bitwise_cast.hpp:39:14: warning: missing initializer for member ‘boost::atomics::detail::bitwise_cast(const From&) [with To = long unsigned int; From = void*]::<anonymous struct>::to’ [-Wmissing-field-initializers]
     value = {};
              ^
./boost/atomic/detail/bitwise_cast.hpp: In instantiation of ‘To boost::atomics::detail::bitwise_cast(const From&) [with To = void*; From = long unsigned int]’:
./boost/atomic/detail/atomic_template.hpp:574:100:   required from here
./boost/atomic/detail/bitwise_cast.hpp:39:14: warning: missing initializer for member ‘boost::atomics::detail::bitwise_cast(const From&) [with To = void*; From = long unsigned int]::<anonymous struct>::to’ [-Wmissing-field-initializers]
common.mkdir bin.v2/libs/system
common.mkdir bin.v2/libs/system/build
common.mkdir bin.v2/libs/system/build/gcc-4.8
common.mkdir bin.v2/libs/system/build/gcc-4.8/debug
common.mkdir bin.v2/libs/system/build/gcc-4.8/debug/threading-multi
gcc.compile.c++ bin.v2/libs/system/build/gcc-4.8/debug/threading-multi/error_code.o
gcc.link.dll bin.v2/libs/system/build/gcc-4.8/debug/threading-multi/libboost_system.so.1.61.0
gcc.link bin.v2/libs/thread/build/gcc-4.8/debug/threading-multi/has_atomic_flag_lockfree
...updated 14 targets...
...found 22 targets...
...updating 7 targets...
common.mkdir bin.v2/libs/regex
common.mkdir bin.v2/libs/regex/build
common.mkdir bin.v2/libs/regex/build/gcc-4.8
common.mkdir bin.v2/libs/regex/build/gcc-4.8/debug
gcc.compile.c++ bin.v2/libs/regex/build/gcc-4.8/debug/has_icu_test.o
gcc.link bin.v2/libs/regex/build/gcc-4.8/debug/has_icu_exe
Jamfile</home/ruben/Documents/ESPOL/prueba_cpp/boost/boost_1_61_0/libs/regex/build>.regex_simple_run_action bin.v2/libs/regex/build/gcc-4.8/debug/has_icu.output
...updated 7 targets...
...found 9 targets...
...updating 7 targets...
common.mkdir bin.v2/standalone
common.mkdir bin.v2/standalone/ac
common.mkdir bin.v2/standalone/ac/gcc-4.8
common.mkdir bin.v2/standalone/ac/gcc-4.8/release
common.mkdir bin.v2/standalone/ac/gcc-4.8/release/threading-multi
gcc.compile.c++ bin.v2/standalone/ac/gcc-4.8/release/threading-multi/zlib_h.o
...updated 7 targets...
...found 5 targets...
...updating 3 targets...
gcc.compile.c++ bin.v2/standalone/ac/gcc-4.8/release/threading-multi/main.o
gcc.link bin.v2/standalone/ac/gcc-4.8/release/threading-multi/z
...updated 3 targets...
...found 8 targets...
...updating 6 targets...
common.mkdir bin.v2/libs/locale
common.mkdir bin.v2/libs/locale/build
common.mkdir bin.v2/libs/locale/build/gcc-4.8
common.mkdir bin.v2/libs/locale/build/gcc-4.8/debug
gcc.compile.c++ bin.v2/libs/locale/build/gcc-4.8/debug/has_iconv_libc_obj.o
gcc.link bin.v2/libs/locale/build/gcc-4.8/debug/has_iconv
...updated 6 targets...
...found 4 targets...
...updating 2 targets...
gcc.compile.c++ bin.v2/libs/locale/build/gcc-4.8/debug/has_icu_obj.o
libs/locale/src/../build/has_icu_test.cpp: In function ‘int main()’:
libs/locale/src/../build/has_icu_test.cpp:26:12: warning: unused variable ‘c’ [-Wunused-variable]
    UChar32 c = ::u_charFromName(U_UNICODE_CHAR_NAME, "GREEK SMALL LETTER ALPHA", &err);
            ^
gcc.link bin.v2/libs/locale/build/gcc-4.8/debug/has_icu
...updated 2 targets...
...found 8 targets...
...updating 7 targets...
common.mkdir bin.v2/libs/log
common.mkdir bin.v2/libs/log/config
common.mkdir bin.v2/libs/log/config/visibility
common.mkdir bin.v2/libs/log/config/visibility/gcc-4.8
common.mkdir bin.v2/libs/log/config/visibility/gcc-4.8/debug
common.mkdir bin.v2/libs/log/config/visibility/gcc-4.8/debug/pch-off
gcc.compile.c++ bin.v2/libs/log/config/visibility/gcc-4.8/debug/pch-off/visibility.o
...updated 7 targets...
...found 7 targets...
...updating 5 targets...
common.mkdir bin.v2/libs/log/config/x86-ext
common.mkdir bin.v2/libs/log/config/x86-ext/gcc-4.8
common.mkdir bin.v2/libs/log/config/x86-ext/gcc-4.8/debug
common.mkdir bin.v2/libs/log/config/x86-ext/gcc-4.8/debug/pch-off
gcc.compile.c++ bin.v2/libs/log/config/x86-ext/gcc-4.8/debug/pch-off/ssse3.o
...updated 5 targets...
...found 3 targets...
...updating 1 target...
gcc.compile.c++ bin.v2/libs/log/config/x86-ext/gcc-4.8/debug/pch-off/avx2.o
...updated 1 target...
...found 6 targets...
...updating 5 targets...
common.mkdir bin.v2/libs/math
common.mkdir bin.v2/libs/math/config
common.mkdir bin.v2/libs/math/config/gcc-4.8
common.mkdir bin.v2/libs/math/config/gcc-4.8/debug
gcc.compile.c++ bin.v2/libs/math/config/gcc-4.8/debug/has_gcc_visibility.o
...updated 5 targets...
...found 136 targets...
...updating 1 target...
gcc.compile.c++ bin.v2/libs/math/config/gcc-4.8/debug/has_long_double_support.o
...updated 1 target...
...found 3 targets...
...updating 3 targets...
common.mkdir bin.v2/standalone/ac/gcc-4.8/release/link-static
common.mkdir bin.v2/standalone/ac/gcc-4.8/release/link-static/threading-multi
gcc.compile.c++ bin.v2/standalone/ac/gcc-4.8/release/link-static/threading-multi/zlib_h.o
...updated 3 targets...
...found 2 targets...
...updating 2 targets...
gcc.compile.c++ bin.v2/standalone/ac/gcc-4.8/release/link-static/threading-multi/main.o
gcc.link bin.v2/standalone/ac/gcc-4.8/release/link-static/threading-multi/z
...updated 2 targets...
...found 1 target...
...updating 1 target...
config-cache.write bin.v2/project-cache.jam
...updated 1 target...
